<?xml version="1.0" encoding="UTF-8"?>
<!-- Generated by org.testng.reporters.JUnitReportReporter -->
<testsuite hostname="DESKTOP-KK4KH27" failures="0" tests="1" name="DemoTest" time="0.039" errors="0" timestamp="2023-12-28T12:13:23 IST" skipped="0">
  <testcase classname="DemoTest" name="myTest" time="0.039"/>
</testsuite> <!-- DemoTest -->
