<?xml version="1.0" encoding="UTF-8"?>
<!-- Generated by org.testng.reporters.JUnitReportReporter -->
<testsuite hostname="DESKTOP-KK4KH27" failures="0" tests="3" name="TestPackage.TestExample2" time="14.291" errors="0" timestamp="2024-01-04T10:50:48 IST" skipped="0">
  <testcase classname="TestPackage.TestExample2" name="login" time="3.917"/>
  <testcase classname="TestPackage.TestExample2" name="login" time="7.050"/>
  <testcase classname="TestPackage.TestExample2" name="login" time="3.324"/>
</testsuite> <!-- TestPackage.TestExample2 -->
